<?xml version="1.0" encoding="UTF-8"?>
<!-- Generated by org.testng.reporters.JUnitReportReporter -->
<testsuite hostname="Mushfeques-MBP" failures="0" tests="1" name="test.Day2" time="0.002" errors="0" timestamp="2022-03-05T11:47:31 EST" skipped="0">
  <testcase classname="test.Day2" name="pLoan" time="0.002"/>
  <system-out/>
</testsuite> <!-- test.Day2 -->
