<?xml version="1.0" encoding="UTF-8"?>
<!-- Generated by org.testng.reporters.JUnitReportReporter -->
<testsuite hostname="Mushfeques-MBP" failures="0" tests="3" name="test.Day4" time="0.025" errors="0" timestamp="2022-03-05T11:47:31 EST" skipped="0">
  <testcase classname="test.Day4" name="mobileLoginHomeLoan" time="0.010"/>
  <system-out/>
  <testcase classname="test.Day4" name="apiLoginHomeLoan" time="0.008"/>
  <system-out/>
  <testcase classname="test.Day4" name="webLoginHomeLoan" time="0.007"/>
  <system-out/>
</testsuite> <!-- test.Day4 -->
