<?xml version="1.0" encoding="UTF-8"?>
<!-- Generated by org.testng.reporters.JUnitReportReporter -->
<testsuite hostname="Mushfeques-MBP" failures="0" tests="6" name="test.Day3" time="0.029" errors="0" timestamp="2022-03-05T11:47:31 EST" skipped="1">
  <testcase classname="test.Day3" name="webLoginCarLoan" time="0.007"/>
  <system-out/>
  <testcase classname="test.Day3" name="mobileSignIn" time="0.007"/>
  <system-out/>
  <testcase classname="test.Day3" name="mobileSignOutCarLoan" time="0.006"/>
  <system-out/>
  <testcase classname="test.Day3" name="mobileSignOutCarLoan" time="0.005"/>
  <system-out/>
  <testcase classname="test.Day3" name="mobileSignOutCarLoan" time="0.004"/>
  <system-out/>
  <testcase classname="test.Day3" name="mobileLoginCarLoan">
    <skipped/>
  </testcase> <!-- mobileLoginCarLoan -->
  <system-out/>
</testsuite> <!-- test.Day3 -->
